Using pre-set license
Built from '2020.3/release' branch; Version is '2020.3.1f1 (77a89f25062f) revision 7841951'; Using compiler version '192528614'; Build Type 'Release'
OS: 'Windows 10 Pro; OS build 19042.928; Version 2009; 64bit' Language: 'pl' Physical Memory: 16271 MB
BatchMode: 1, IsHumanControllingUs: 0, StartBugReporterOnCrash: 0, Is64bit: 1, IsPro: 0

 COMMAND LINE ARGUMENTS:
D:\programy\UnityEditor\2020.3.1f1\Editor\Unity.exe
-adb2
-batchMode
-noUpm
-name
AssetImportWorker0
-projectPath
D:/PROJEKTY/UNITY/github/SwipeTile/SwipeTiles_Android
-logFile
Logs/AssetImportWorker0.log
-srvPort
59573
Successfully changed project path to: D:/PROJEKTY/UNITY/github/SwipeTile/SwipeTiles_Android
D:/PROJEKTY/UNITY/github/SwipeTile/SwipeTiles_Android
Using Asset Import Pipeline V2.
Refreshing native plugins compatible for Editor in 48.12 ms, found 1 plugins.
Preloading 0 native plugins for Editor in 0.00 ms.
Initialize engine version: 2020.3.1f1 (77a89f25062f)
[Subsystems] Discovering subsystems at path D:/programy/UnityEditor/2020.3.1f1/Editor/Data/Resources/UnitySubsystems
[Subsystems] Discovering subsystems at path D:/PROJEKTY/UNITY/github/SwipeTile/SwipeTiles_Android/Assets
GfxDevice: creating device client; threaded=0
Direct3D:
    Version:  Direct3D 11.0 [level 11.1]
    Renderer: Radeon RX 570 Series (ID=0x67df)
    Vendor:   
    VRAM:     4075 MB
    Driver:   27.20.1034.6
Initialize mono
Mono path[0] = 'D:/programy/UnityEditor/2020.3.1f1/Editor/Data/Managed'
Mono path[1] = 'D:/programy/UnityEditor/2020.3.1f1/Editor/Data/MonoBleedingEdge/lib/mono/unityjit'
Mono config path = 'D:/programy/UnityEditor/2020.3.1f1/Editor/Data/MonoBleedingEdge/etc'
Using monoOptions --debugger-agent=transport=dt_socket,embedding=1,server=y,suspend=n,address=127.0.0.1:56836
Begin MonoManager ReloadAssembly
Registering precompiled unity dll's ...
Register platform support module: D:/programy/UnityEditor/2020.3.1f1/Editor/Data/PlaybackEngines/WindowsStandaloneSupport/UnityEditor.WindowsStandalone.Extensions.dll
Registered in 0.001165 seconds.
Native extension for WindowsStandalone target not found
Refreshing native plugins compatible for Editor in 49.20 ms, found 1 plugins.
Preloading 0 native plugins for Editor in 0.00 ms.
Invoked RoslynAnalysisRunner static constructor.
RoslynAnalysisRunner will not be running.
RoslynAnalysisRunner has terminated.
Mono: successfully reloaded assembly
- Completed reload, in  1.917 seconds
Platform modules already initialized, skipping
Registering precompiled user dll's ...
Registered in 0.000905 seconds.
Begin MonoManager ReloadAssembly
Native extension for WindowsStandalone target not found
Refreshing native plugins compatible for Editor in 50.17 ms, found 1 plugins.
Preloading 0 native plugins for Editor in 0.00 ms.
Invoked RoslynAnalysisRunner static constructor.
RoslynAnalysisRunner will not be running.
RoslynAnalysisRunner has terminated.
Mono: successfully reloaded assembly
- Completed reload, in  1.238 seconds
Platform modules already initialized, skipping
========================================================================
Worker process is ready to serve import requests
Launched and connected shader compiler UnityShaderCompiler.exe after 0.09 seconds
Refreshing native plugins compatible for Editor in 0.53 ms, found 1 plugins.
Preloading 0 native plugins for Editor in 0.00 ms.
Unloading 2173 Unused Serialized files (Serialized files now loaded: 0)
System memory in use before: 99.4 MB.
System memory in use after: 99.5 MB.

Unloading 22 unused Assets to reduce memory usage. Loaded Objects now: 2622.
Total: 3.294400 ms (FindLiveObjects: 0.316200 ms CreateObjectMapping: 0.221900 ms MarkObjects: 2.664000 ms  DeleteObjects: 0.090000 ms)

========================================================================
Received Import Request.
  path: Assets/Graphics/musicOff.png
  artifactKey: Guid(6ab30a73589871c449784b076f2ba495) Importer(815301076,1909f56bfc062723c751e8b465ee728b)
Start importing Assets/Graphics/musicOff.png using Guid(6ab30a73589871c449784b076f2ba495) Importer(815301076,1909f56bfc062723c751e8b465ee728b)  -> (artifact id: '26e1dbf668132971d442aef836e743c5') in 0.272266 seconds
  Import took 0.277130 seconds .

========================================================================
Received Import Request.
  Time since last request: 0.000263 seconds.
  path: Assets/Graphics/musicOn.png
  artifactKey: Guid(8108a9844204cef49bebca5102a9d988) Importer(815301076,1909f56bfc062723c751e8b465ee728b)
Start importing Assets/Graphics/musicOn.png using Guid(8108a9844204cef49bebca5102a9d988) Importer(815301076,1909f56bfc062723c751e8b465ee728b)  -> (artifact id: '35fc69c612ebb186b7c7b42467cc61a4') in 0.013559 seconds
  Import took 0.018004 seconds .

========================================================================
Received Import Request.
  Time since last request: 0.543759 seconds.
  path: Assets/Graphics/power.png
  artifactKey: Guid(3cb995ceb76a7514cbe1b1f4fba9912e) Importer(815301076,1909f56bfc062723c751e8b465ee728b)
Start importing Assets/Graphics/power.png using Guid(3cb995ceb76a7514cbe1b1f4fba9912e) Importer(815301076,1909f56bfc062723c751e8b465ee728b)  -> (artifact id: '2433d3be4cf813aa0f4e59c2c8192c0e') in 0.016515 seconds
  Import took 0.022314 seconds .

========================================================================
Received Import Request.
  Time since last request: 13.155061 seconds.
  path: Assets/Graphics/return.png
  artifactKey: Guid(a85f721a0a0c5e24281926522b975c2b) Importer(815301076,1909f56bfc062723c751e8b465ee728b)
Start importing Assets/Graphics/return.png using Guid(a85f721a0a0c5e24281926522b975c2b) Importer(815301076,1909f56bfc062723c751e8b465ee728b)  -> (artifact id: 'e0e9ec2ef2267ecc56e8b9c69629f981') in 0.018293 seconds
  Import took 0.023171 seconds .

========================================================================
Received Import Request.
  Time since last request: 44.104358 seconds.
  path: Assets/Graphics/audioOff.png
  artifactKey: Guid(ac3beeb0c07ecdb44914fe862df54845) Importer(815301076,1909f56bfc062723c751e8b465ee728b)
Start importing Assets/Graphics/audioOff.png using Guid(ac3beeb0c07ecdb44914fe862df54845) Importer(815301076,1909f56bfc062723c751e8b465ee728b)  -> (artifact id: 'f1befae00e0ae103f4a7c6871dd236de') in 0.022537 seconds
  Import took 0.030635 seconds .

========================================================================
Received Import Request.
  Time since last request: 2.017617 seconds.
  path: Assets/Graphics/audioOn.png
  artifactKey: Guid(cd44b9673d8326549a18669855daa2b6) Importer(815301076,1909f56bfc062723c751e8b465ee728b)
Start importing Assets/Graphics/audioOn.png using Guid(cd44b9673d8326549a18669855daa2b6) Importer(815301076,1909f56bfc062723c751e8b465ee728b)  -> (artifact id: 'b61f92dbb370bd18c02c4e88711a04bd') in 0.019709 seconds
  Import took 0.026521 seconds .

========================================================================
Received Import Request.
  Time since last request: 0.005438 seconds.
  path: Assets/Graphics/audioOn.png
  artifactKey: Guid(cd44b9673d8326549a18669855daa2b6) Importer(815301076,1909f56bfc062723c751e8b465ee728b)
Start importing Assets/Graphics/audioOn.png using Guid(cd44b9673d8326549a18669855daa2b6) Importer(815301076,1909f56bfc062723c751e8b465ee728b)  -> (artifact id: 'b61f92dbb370bd18c02c4e88711a04bd') in 0.010548 seconds
  Import took 0.015669 seconds .

========================================================================
Received Import Request.
  Time since last request: 10.023093 seconds.
  path: Assets/Graphics/right.png
  artifactKey: Guid(fb24013692ab5d0449765eda012ca906) Importer(815301076,1909f56bfc062723c751e8b465ee728b)
Start importing Assets/Graphics/right.png using Guid(fb24013692ab5d0449765eda012ca906) Importer(815301076,1909f56bfc062723c751e8b465ee728b)  -> (artifact id: '11cd7b7eb7b7451333c2c9290780e880') in 0.019675 seconds
  Import took 0.024650 seconds .

========================================================================
Received Import Request.
  Time since last request: 283.038224 seconds.
  path: Assets/Graphics/right.png
  artifactKey: Guid(fb24013692ab5d0449765eda012ca906) Importer(815301076,1909f56bfc062723c751e8b465ee728b)
Start importing Assets/Graphics/right.png using Guid(fb24013692ab5d0449765eda012ca906) Importer(815301076,1909f56bfc062723c751e8b465ee728b)  -> (artifact id: '71336ff7909819f8631bb7018448ce12') in 0.022101 seconds
  Import took 0.038807 seconds .

========================================================================
Received Import Request.
  Time since last request: 95.312396 seconds.
  path: Assets/Graphics/gear.png
  artifactKey: Guid(d298948207e220e4d8bf36d686f917bf) Importer(815301076,1909f56bfc062723c751e8b465ee728b)
Start importing Assets/Graphics/gear.png using Guid(d298948207e220e4d8bf36d686f917bf) Importer(815301076,1909f56bfc062723c751e8b465ee728b)  -> (artifact id: 'a8afc85fb7ea23ac8b578faac61a731a') in 0.017708 seconds
  Import took 0.024068 seconds .

========================================================================
Received Import Request.
  Time since last request: 422.009113 seconds.
  path: Assets/Scripts/UI
  artifactKey: Guid(7511be9c63be71d4fbc3d11675e851cd) Importer(815301076,1909f56bfc062723c751e8b465ee728b)
Start importing Assets/Scripts/UI using Guid(7511be9c63be71d4fbc3d11675e851cd) Importer(815301076,1909f56bfc062723c751e8b465ee728b)  -> (artifact id: 'b08a2c79ec7030ee01a5265b939908e5') in 0.009364 seconds
  Import took 0.015089 seconds .

========================================================================
Received Import Request.
  Time since last request: 8.285455 seconds.
  path: Assets/Scripts/UI/UIManager.cs
  artifactKey: Guid(4340b119b488dbc4e8fe10f638d33ae4) Importer(815301076,1909f56bfc062723c751e8b465ee728b)
Start importing Assets/Scripts/UI/UIManager.cs using Guid(4340b119b488dbc4e8fe10f638d33ae4) Importer(815301076,1909f56bfc062723c751e8b465ee728b)  -> (artifact id: '9d23bd1918bd41ef5f13e7e8bc92e5e8') in 0.022481 seconds
  Import took 0.043792 seconds .

========================================================================
Received Prepare
Registering precompiled user dll's ...
Registered in 0.000916 seconds.
Begin MonoManager ReloadAssembly
Native extension for WindowsStandalone target not found
Refreshing native plugins compatible for Editor in 0.57 ms, found 1 plugins.
Preloading 0 native plugins for Editor in 0.00 ms.
Invoked RoslynAnalysisRunner static constructor.
RoslynAnalysisRunner will not be running.
RoslynAnalysisRunner has terminated.
Mono: successfully reloaded assembly
- Completed reload, in  1.113 seconds
Platform modules already initialized, skipping
Script is not up to date after domain reload: guid(82073bbeae141da428567e38299769f7) path("Assets/Scripts/UI/NewBehaviourScript.cs") state(2)
Switching build target platform(5) subTarget(0) extendedPlatform(0) -> platform(13) subTarget(537395200) extendedPlatform(0)
Refreshing native plugins compatible for Editor in 0.52 ms, found 1 plugins.
Preloading 0 native plugins for Editor in 0.00 ms.
Unloading 2154 Unused Serialized files (Serialized files now loaded: 0)
System memory in use before: 101.0 MB.
System memory in use after: 101.1 MB.

Unloading 8 unused Assets to reduce memory usage. Loaded Objects now: 2633.
Total: 3.316300 ms (FindLiveObjects: 0.319700 ms CreateObjectMapping: 0.204200 ms MarkObjects: 2.743500 ms  DeleteObjects: 0.047200 ms)

AssetImportParameters requested are different than current active one (requested -> active):
  custom:graphics/normal-map-encoding: 01000000000000000000000000000000 -> 02000000000000000000000000000000
========================================================================
Received Import Request.
  Time since last request: 16.335849 seconds.
  path: Assets/Scripts/UI/NewBehaviourScript.cs
  artifactKey: Guid(82073bbeae141da428567e38299769f7) Importer(815301076,1909f56bfc062723c751e8b465ee728b)
Start importing Assets/Scripts/UI/NewBehaviourScript.cs using Guid(82073bbeae141da428567e38299769f7) Importer(815301076,1909f56bfc062723c751e8b465ee728b)  -> (artifact id: '22529b1251417bcd867b419c87fcbf13') in 0.010785 seconds
  Import took 0.015760 seconds .

========================================================================
Received Prepare
Registering precompiled user dll's ...
Registered in 0.001215 seconds.
Begin MonoManager ReloadAssembly
Native extension for WindowsStandalone target not found
Refreshing native plugins compatible for Editor in 0.49 ms, found 1 plugins.
Preloading 0 native plugins for Editor in 0.00 ms.
Invoked RoslynAnalysisRunner static constructor.
RoslynAnalysisRunner will not be running.
RoslynAnalysisRunner has terminated.
Mono: successfully reloaded assembly
- Completed reload, in  1.126 seconds
Platform modules already initialized, skipping
Switching build target platform(5) subTarget(0) extendedPlatform(0) -> platform(13) subTarget(537395200) extendedPlatform(0)
Refreshing native plugins compatible for Editor in 0.52 ms, found 1 plugins.
Preloading 0 native plugins for Editor in 0.00 ms.
Unloading 2155 Unused Serialized files (Serialized files now loaded: 0)
System memory in use before: 101.0 MB.
System memory in use after: 101.2 MB.

Unloading 8 unused Assets to reduce memory usage. Loaded Objects now: 2638.
Total: 3.385800 ms (FindLiveObjects: 0.437400 ms CreateObjectMapping: 0.323200 ms MarkObjects: 2.573400 ms  DeleteObjects: 0.050300 ms)

AssetImportParameters requested are different than current active one (requested -> active):
  custom:graphics/normal-map-encoding: 01000000000000000000000000000000 -> 02000000000000000000000000000000
========================================================================
Received Import Request.
  Time since last request: 9.654040 seconds.
  path: Assets/Scripts/UI/StartButton.cs
  artifactKey: Guid(82073bbeae141da428567e38299769f7) Importer(815301076,1909f56bfc062723c751e8b465ee728b)
Start importing Assets/Scripts/UI/StartButton.cs using Guid(82073bbeae141da428567e38299769f7) Importer(815301076,1909f56bfc062723c751e8b465ee728b)  -> (artifact id: 'dc83b49b7d63db95642634904aa2d420') in 0.016796 seconds
  Import took 0.025894 seconds .

========================================================================
Received Import Request.
  Time since last request: 0.000895 seconds.
  path: Assets/Scripts/UI/StartButton.cs
  artifactKey: Guid(82073bbeae141da428567e38299769f7) Importer(815301076,1909f56bfc062723c751e8b465ee728b)
Start importing Assets/Scripts/UI/StartButton.cs using Guid(82073bbeae141da428567e38299769f7) Importer(815301076,1909f56bfc062723c751e8b465ee728b)  -> (artifact id: 'dc83b49b7d63db95642634904aa2d420') in 0.006389 seconds
  Import took 0.014017 seconds .

========================================================================
Received Prepare
Registering precompiled user dll's ...
Registered in 0.000959 seconds.
Begin MonoManager ReloadAssembly
Native extension for WindowsStandalone target not found
Refreshing native plugins compatible for Editor in 0.49 ms, found 1 plugins.
Preloading 0 native plugins for Editor in 0.00 ms.
Invoked RoslynAnalysisRunner static constructor.
RoslynAnalysisRunner will not be running.
RoslynAnalysisRunner has terminated.
Mono: successfully reloaded assembly
- Completed reload, in  1.126 seconds
Platform modules already initialized, skipping
Switching build target platform(5) subTarget(0) extendedPlatform(0) -> platform(13) subTarget(537395200) extendedPlatform(0)
Refreshing native plugins compatible for Editor in 0.48 ms, found 1 plugins.
Preloading 0 native plugins for Editor in 0.00 ms.
Unloading 2155 Unused Serialized files (Serialized files now loaded: 0)
System memory in use before: 101.1 MB.
System memory in use after: 101.2 MB.

Unloading 8 unused Assets to reduce memory usage. Loaded Objects now: 2642.
Total: 3.160700 ms (FindLiveObjects: 0.339600 ms CreateObjectMapping: 0.235500 ms MarkObjects: 2.534300 ms  DeleteObjects: 0.050100 ms)

AssetImportParameters requested are different than current active one (requested -> active):
  custom:graphics/normal-map-encoding: 01000000000000000000000000000000 -> 02000000000000000000000000000000
========================================================================
Received Import Request.
  Time since last request: 354.796968 seconds.
  path: Assets/Scripts/UI/SettingsButton.cs
  artifactKey: Guid(f7143780bbb7f074d97376e1e0f240be) Importer(815301076,1909f56bfc062723c751e8b465ee728b)
Start importing Assets/Scripts/UI/SettingsButton.cs using Guid(f7143780bbb7f074d97376e1e0f240be) Importer(815301076,1909f56bfc062723c751e8b465ee728b)  -> (artifact id: '840e49c6875251ffe9857cd26733e08d') in 0.019530 seconds
  Import took 0.026410 seconds .

========================================================================
Received Import Request.
  Time since last request: 37.114620 seconds.
  path: Assets/Scripts/MainMenu.cs
  artifactKey: Guid(e84eaa69c12eb3d41a470742420c6de6) Importer(815301076,1909f56bfc062723c751e8b465ee728b)
Start importing Assets/Scripts/MainMenu.cs using Guid(e84eaa69c12eb3d41a470742420c6de6) Importer(815301076,1909f56bfc062723c751e8b465ee728b)  -> (artifact id: '151064eeb688a873f8f9b1106dd17011') in 0.009714 seconds
  Import took 0.021570 seconds .

========================================================================
Received Import Request.
  Time since last request: 0.001251 seconds.
  path: Assets/Scripts/MainMenu.cs
  artifactKey: Guid(e84eaa69c12eb3d41a470742420c6de6) Importer(815301076,1909f56bfc062723c751e8b465ee728b)
Start importing Assets/Scripts/MainMenu.cs using Guid(e84eaa69c12eb3d41a470742420c6de6) Importer(815301076,1909f56bfc062723c751e8b465ee728b)  -> (artifact id: '151064eeb688a873f8f9b1106dd17011') in 0.007718 seconds
  Import took 0.014346 seconds .

========================================================================
Received Prepare
Registering precompiled user dll's ...
Registered in 0.000951 seconds.
Begin MonoManager ReloadAssembly
Native extension for WindowsStandalone target not found
Refreshing native plugins compatible for Editor in 0.52 ms, found 1 plugins.
Preloading 0 native plugins for Editor in 0.00 ms.
Invoked RoslynAnalysisRunner static constructor.
RoslynAnalysisRunner will not be running.
RoslynAnalysisRunner has terminated.
Mono: successfully reloaded assembly
- Completed reload, in  1.909 seconds
Platform modules already initialized, skipping
Switching build target platform(5) subTarget(0) extendedPlatform(0) -> platform(13) subTarget(537395200) extendedPlatform(0)
Refreshing native plugins compatible for Editor in 0.49 ms, found 1 plugins.
Preloading 0 native plugins for Editor in 0.00 ms.
Unloading 2157 Unused Serialized files (Serialized files now loaded: 0)
System memory in use before: 101.1 MB.
System memory in use after: 101.2 MB.

Unloading 8 unused Assets to reduce memory usage. Loaded Objects now: 2648.
Total: 2.451000 ms (FindLiveObjects: 0.247000 ms CreateObjectMapping: 0.092600 ms MarkObjects: 2.084000 ms  DeleteObjects: 0.026300 ms)

AssetImportParameters requested are different than current active one (requested -> active):
  custom:graphics/normal-map-encoding: 01000000000000000000000000000000 -> 02000000000000000000000000000000
========================================================================
Received Prepare
Registering precompiled user dll's ...
Registered in 0.000951 seconds.
Begin MonoManager ReloadAssembly
Native extension for WindowsStandalone target not found
Refreshing native plugins compatible for Editor in 0.52 ms, found 1 plugins.
Preloading 0 native plugins for Editor in 0.00 ms.
Invoked RoslynAnalysisRunner static constructor.
RoslynAnalysisRunner will not be running.
RoslynAnalysisRunner has terminated.
Mono: successfully reloaded assembly
- Completed reload, in  1.137 seconds
Platform modules already initialized, skipping
Switching build target platform(5) subTarget(0) extendedPlatform(0) -> platform(13) subTarget(537395200) extendedPlatform(0)
Refreshing native plugins compatible for Editor in 0.50 ms, found 1 plugins.
Preloading 0 native plugins for Editor in 0.00 ms.
Unloading 2157 Unused Serialized files (Serialized files now loaded: 0)
System memory in use before: 101.1 MB.
System memory in use after: 101.3 MB.

Unloading 8 unused Assets to reduce memory usage. Loaded Objects now: 2652.
Total: 3.772700 ms (FindLiveObjects: 0.340700 ms CreateObjectMapping: 0.238200 ms MarkObjects: 3.148100 ms  DeleteObjects: 0.044200 ms)

AssetImportParameters requested are different than current active one (requested -> active):
  custom:graphics/normal-map-encoding: 01000000000000000000000000000000 -> 02000000000000000000000000000000
========================================================================
Received Import Request.
  Time since last request: 326.093617 seconds.
  path: Assets/Scripts/MainMenu.cs
  artifactKey: Guid(e84eaa69c12eb3d41a470742420c6de6) Importer(815301076,1909f56bfc062723c751e8b465ee728b)
Start importing Assets/Scripts/MainMenu.cs using Guid(e84eaa69c12eb3d41a470742420c6de6) Importer(815301076,1909f56bfc062723c751e8b465ee728b)  -> (artifact id: '53721a4d4dd1548019ba997c6a87de88') in 0.006436 seconds
  Import took 0.011386 seconds .

========================================================================
Received Prepare
Registering precompiled user dll's ...
Registered in 0.001032 seconds.
Begin MonoManager ReloadAssembly
Native extension for WindowsStandalone target not found
Refreshing native plugins compatible for Editor in 0.50 ms, found 1 plugins.
Preloading 0 native plugins for Editor in 0.00 ms.
Invoked RoslynAnalysisRunner static constructor.
RoslynAnalysisRunner will not be running.
RoslynAnalysisRunner has terminated.
Mono: successfully reloaded assembly
- Completed reload, in  1.125 seconds
Platform modules already initialized, skipping
Switching build target platform(5) subTarget(0) extendedPlatform(0) -> platform(13) subTarget(537395200) extendedPlatform(0)
Refreshing native plugins compatible for Editor in 0.47 ms, found 1 plugins.
Preloading 0 native plugins for Editor in 0.00 ms.
Unloading 2157 Unused Serialized files (Serialized files now loaded: 0)
System memory in use before: 101.1 MB.
System memory in use after: 101.3 MB.

Unloading 8 unused Assets to reduce memory usage. Loaded Objects now: 2656.
Total: 3.671800 ms (FindLiveObjects: 0.417100 ms CreateObjectMapping: 0.251600 ms MarkObjects: 2.951500 ms  DeleteObjects: 0.050500 ms)

AssetImportParameters requested are different than current active one (requested -> active):
  custom:graphics/normal-map-encoding: 01000000000000000000000000000000 -> 02000000000000000000000000000000
========================================================================
Received Import Request.
  Time since last request: 395.481701 seconds.
  path: Assets/Scripts/AudioManager.cs
  artifactKey: Guid(dd19cc5e08b0e784bae778611bf80987) Importer(815301076,1909f56bfc062723c751e8b465ee728b)
Start importing Assets/Scripts/AudioManager.cs using Guid(dd19cc5e08b0e784bae778611bf80987) Importer(815301076,1909f56bfc062723c751e8b465ee728b)  -> (artifact id: '69e60cc810c4402f3c79dede9d2ba211') in 0.014837 seconds
  Import took 0.020462 seconds .

========================================================================
Received Import Request.
  Time since last request: 0.003369 seconds.
  path: Assets/Scripts/AudioManager.cs
  artifactKey: Guid(dd19cc5e08b0e784bae778611bf80987) Importer(815301076,1909f56bfc062723c751e8b465ee728b)
Start importing Assets/Scripts/AudioManager.cs using Guid(dd19cc5e08b0e784bae778611bf80987) Importer(815301076,1909f56bfc062723c751e8b465ee728b)  -> (artifact id: '69e60cc810c4402f3c79dede9d2ba211') in 0.023016 seconds
  Import took 0.030668 seconds .

========================================================================
Received Prepare
Registering precompiled user dll's ...
Registered in 0.001127 seconds.
Begin MonoManager ReloadAssembly
Native extension for WindowsStandalone target not found
Refreshing native plugins compatible for Editor in 0.49 ms, found 1 plugins.
Preloading 0 native plugins for Editor in 0.00 ms.
Invoked RoslynAnalysisRunner static constructor.
RoslynAnalysisRunner will not be running.
RoslynAnalysisRunner has terminated.
Mono: successfully reloaded assembly
- Completed reload, in  1.099 seconds
Platform modules already initialized, skipping
Switching build target platform(5) subTarget(0) extendedPlatform(0) -> platform(13) subTarget(537395200) extendedPlatform(0)
Refreshing native plugins compatible for Editor in 0.49 ms, found 1 plugins.
Preloading 0 native plugins for Editor in 0.00 ms.
Unloading 2158 Unused Serialized files (Serialized files now loaded: 0)
System memory in use before: 101.2 MB.
System memory in use after: 101.3 MB.

Unloading 8 unused Assets to reduce memory usage. Loaded Objects now: 2661.
Total: 3.228600 ms (FindLiveObjects: 0.447900 ms CreateObjectMapping: 0.261900 ms MarkObjects: 2.469700 ms  DeleteObjects: 0.032300 ms)

AssetImportParameters requested are different than current active one (requested -> active):
  custom:graphics/normal-map-encoding: 01000000000000000000000000000000 -> 02000000000000000000000000000000
========================================================================
Received Prepare
Registering precompiled user dll's ...
Registered in 0.001093 seconds.
Begin MonoManager ReloadAssembly
Native extension for WindowsStandalone target not found
Refreshing native plugins compatible for Editor in 0.50 ms, found 1 plugins.
Preloading 0 native plugins for Editor in 0.00 ms.
Invoked RoslynAnalysisRunner static constructor.
RoslynAnalysisRunner will not be running.
RoslynAnalysisRunner has terminated.
Mono: successfully reloaded assembly
- Completed reload, in  1.143 seconds
Platform modules already initialized, skipping
Switching build target platform(5) subTarget(0) extendedPlatform(0) -> platform(13) subTarget(537395200) extendedPlatform(0)
Refreshing native plugins compatible for Editor in 0.87 ms, found 1 plugins.
Preloading 0 native plugins for Editor in 0.00 ms.
Unloading 2158 Unused Serialized files (Serialized files now loaded: 0)
System memory in use before: 101.2 MB.
System memory in use after: 101.3 MB.

Unloading 8 unused Assets to reduce memory usage. Loaded Objects now: 2665.
Total: 3.589500 ms (FindLiveObjects: 0.413000 ms CreateObjectMapping: 0.240600 ms MarkObjects: 2.915300 ms  DeleteObjects: 0.018700 ms)

AssetImportParameters requested are different than current active one (requested -> active):
  custom:graphics/normal-map-encoding: 01000000000000000000000000000000 -> 02000000000000000000000000000000
========================================================================
Received Import Request.
  Time since last request: 1621.649186 seconds.
  path: Assets/Scripts/AudioManager.cs
  artifactKey: Guid(dd19cc5e08b0e784bae778611bf80987) Importer(815301076,1909f56bfc062723c751e8b465ee728b)
Start importing Assets/Scripts/AudioManager.cs using Guid(dd19cc5e08b0e784bae778611bf80987) Importer(815301076,1909f56bfc062723c751e8b465ee728b)  -> (artifact id: 'a464d981d694982cb0fbd61033c46429') in 0.013424 seconds
  Import took 0.018359 seconds .

AssetImportWorkerClient::OnTransportError - code=2 error=End of file
